0 info it worked if it ends with ok
1 verbose cli [ '/usr/bin/node', '/usr/bin/npm', 'install', '-g', 'roots' ]
2 info using npm@2.11.3
3 info using node@v0.12.7
4 verbose node symlink /usr/bin/node
5 verbose install initial load of /usr/lib/package.json
6 verbose readDependencies loading dependencies from /usr/lib/package.json
7 silly cache add args [ 'roots', null ]
8 verbose cache add spec roots
9 silly cache add parsed spec { raw: 'roots',
9 silly cache add   scope: null,
9 silly cache add   name: 'roots',
9 silly cache add   rawSpec: '',
9 silly cache add   spec: '*',
9 silly cache add   type: 'range' }
10 silly addNamed roots@*
11 verbose addNamed "*" is a valid semver range for roots
12 silly addNameRange { name: 'roots', range: '*', hasData: false }
13 silly mapToRegistry name roots
14 silly mapToRegistry using default registry
15 silly mapToRegistry registry https://registry.npmjs.org/
16 silly mapToRegistry uri https://registry.npmjs.org/roots
17 verbose addNameRange registry:https://registry.npmjs.org/roots not in flight; fetching
18 verbose request uri https://registry.npmjs.org/roots
19 verbose request no auth needed
20 info attempt registry request try #1 at 08:57:36
21 verbose request id 1776a257f2c1d682
22 verbose etag "ACGJU3QN320499NXOR200AFTV"
23 http request GET https://registry.npmjs.org/roots
24 http 200 https://registry.npmjs.org/roots
25 silly get cb [ 200,
25 silly get   { server: 'CouchDB/1.5.0 (Erlang OTP/R16B03)',
25 silly get     etag: '"DHKJW91TB2H29RUPHG7WFE0JE"',
25 silly get     'content-type': 'application/json',
25 silly get     'cache-control': 'max-age=300',
25 silly get     'content-length': '136399',
25 silly get     'accept-ranges': 'bytes',
25 silly get     date: 'Sun, 21 Feb 2016 15:57:36 GMT',
25 silly get     via: '1.1 varnish',
25 silly get     age: '0',
25 silly get     connection: 'keep-alive',
25 silly get     'x-served-by': 'cache-dfw1833-DFW',
25 silly get     'x-cache': 'MISS',
25 silly get     'x-cache-hits': '0',
25 silly get     'x-timer': 'S1456070256.440525,VS0,VE461',
25 silly get     vary: 'Accept' } ]
26 verbose get saving roots to /home/thaddeus/.npm/registry.npmjs.org/roots/.cache.json
27 silly addNameRange number 2 { name: 'roots', range: '*', hasData: true }
28 silly addNameRange versions [ 'roots',
28 silly addNameRange   [ '0.0.8-6',
28 silly addNameRange     '0.0.8-7',
28 silly addNameRange     '0.0.8-8',
28 silly addNameRange     '0.0.8-9',
28 silly addNameRange     '0.0.9',
28 silly addNameRange     '0.0.9-1',
28 silly addNameRange     '0.0.9-2',
28 silly addNameRange     '0.0.9-3',
28 silly addNameRange     '1.0.0',
28 silly addNameRange     '1.0.1',
28 silly addNameRange     '1.0.1-1',
28 silly addNameRange     '1.0.1-2',
28 silly addNameRange     '1.0.1-3',
28 silly addNameRange     '1.0.2',
28 silly addNameRange     '1.0.2-1',
28 silly addNameRange     '1.0.3',
28 silly addNameRange     '1.0.3-1',
28 silly addNameRange     '1.0.4',
28 silly addNameRange     '1.1.0',
28 silly addNameRange     '1.1.1',
28 silly addNameRange     '1.1.2',
28 silly addNameRange     '1.2.1',
28 silly addNameRange     '1.2.2',
28 silly addNameRange     '1.2.3',
28 silly addNameRange     '1.2.4',
28 silly addNameRange     '1.2.4-1',
28 silly addNameRange     '1.2.4-2',
28 silly addNameRange     '1.2.4-3',
28 silly addNameRange     '1.3.0',
28 silly addNameRange     '1.3.1',
28 silly addNameRange     '1.3.2',
28 silly addNameRange     '1.3.3',
28 silly addNameRange     '1.3.4',
28 silly addNameRange     '1.3.5',
28 silly addNameRange     '1.3.6',
28 silly addNameRange     '1.3.6-1',
28 silly addNameRange     '1.3.6-2',
28 silly addNameRange     '1.3.6-3',
28 silly addNameRange     '1.3.6-4',
28 silly addNameRange     '2.0.0',
28 silly addNameRange     '2.0.1',
28 silly addNameRange     '2.0.2',
28 silly addNameRange     '2.0.3',
28 silly addNameRange     '2.0.4',
28 silly addNameRange     '2.0.5',
28 silly addNameRange     '2.0.6',
28 silly addNameRange     '2.1.0-beta1',
28 silly addNameRange     '2.1.0-beta2',
28 silly addNameRange     '2.1.0-beta3',
28 silly addNameRange     '2.1.0-beta4',
28 silly addNameRange     '2.1.0',
28 silly addNameRange     '3.0.0-rc.0',
28 silly addNameRange     '2.1.1',
28 silly addNameRange     '2.1.2',
28 silly addNameRange     '3.0.0-rc.1',
28 silly addNameRange     '3.0.0-rc.2',
28 silly addNameRange     '3.0.0-rc.3',
28 silly addNameRange     '3.0.0-rc.4',
28 silly addNameRange     '3.0.0-rc.5',
28 silly addNameRange     '2.1.3',
28 silly addNameRange     '3.0.0-rc.6',
28 silly addNameRange     '3.0.0-rc.7',
28 silly addNameRange     '2.1.4',
28 silly addNameRange     '3.0.0-rc.8',
28 silly addNameRange     '3.0.0-rc.9',
28 silly addNameRange     '3.0.0-rc.10',
28 silly addNameRange     '3.0.0-rc.11',
28 silly addNameRange     '3.0.0',
28 silly addNameRange     '3.0.1',
28 silly addNameRange     '2.1.5',
28 silly addNameRange     '3.0.2',
28 silly addNameRange     '3.0.3',
28 silly addNameRange     '3.0.4',
28 silly addNameRange     '3.1.0',
28 silly addNameRange     '3.2.0',
28 silly addNameRange     '3.2.1',
28 silly addNameRange     '3.2.2',
28 silly addNameRange     '4.0.0',
28 silly addNameRange     '4.0.1' ] ]
29 silly addNamed roots@4.0.1
30 verbose addNamed "4.0.1" is a plain semver version for roots
31 silly mapToRegistry name roots
32 silly mapToRegistry using default registry
33 silly mapToRegistry registry https://registry.npmjs.org/
34 silly mapToRegistry uri https://registry.npmjs.org/roots
35 verbose addRemoteTarball https://registry.npmjs.org/roots/-/roots-4.0.1.tgz not in flight; adding
36 verbose addRemoteTarball [ 'https://registry.npmjs.org/roots/-/roots-4.0.1.tgz',
36 verbose addRemoteTarball   '26e23f9cc647c3ad9a9c5456c4dd2e64937b552b' ]
37 info retry fetch attempt 1 at 08:57:37
38 info attempt registry request try #1 at 08:57:37
39 http fetch GET https://registry.npmjs.org/roots/-/roots-4.0.1.tgz
40 http fetch 200 https://registry.npmjs.org/roots/-/roots-4.0.1.tgz
41 silly fetchAndShaCheck shasum 26e23f9cc647c3ad9a9c5456c4dd2e64937b552b
42 verbose addTmpTarball /tmp/npm-24429-aaf19fc6/registry.npmjs.org/roots/-/roots-4.0.1.tgz not in flight; adding
43 verbose addTmpTarball already have metadata; skipping unpack for roots@4.0.1
44 silly cache afterAdd roots@4.0.1
45 verbose afterAdd /home/thaddeus/.npm/roots/4.0.1/package/package.json not in flight; writing
46 verbose afterAdd /home/thaddeus/.npm/roots/4.0.1/package/package.json written
47 silly install resolved [ { name: 'roots',
47 silly install resolved     description: 'simple, flexible, and powerful static site compiler',
47 silly install resolved     version: '4.0.1',
47 silly install resolved     author: { name: 'Jeff Escalante', email: 'hello@jenius.me' },
47 silly install resolved     bugs: { url: 'https://github.com/jenius/roots/issues' },
47 silly install resolved     contributors: [ [Object] ],
47 silly install resolved     dependencies:
47 silly install resolved      { accord: '0.22.x',
47 silly install resolved        argparse: '1.x',
47 silly install resolved        'browser-sync': '2.x',
47 silly install resolved        charge: '0.1.x',
47 silly install resolved        chokidar: '1.x',
47 silly install resolved        'coffee-script': '1.10.x',
47 silly install resolved        colors: '1.x',
47 silly install resolved        configstore: '0.3.x',
47 silly install resolved        'graceful-fs': '4.x',
47 silly install resolved        inquirer: '0.11.x',
47 silly install resolved        'keen.io': '0.1.x',
47 silly install resolved        lodash: '4.x',
47 silly install resolved        micromatch: '2.x',
47 silly install resolved        mkdirp: '0.5.x',
47 silly install resolved        npm: '3.x',
47 silly install resolved        open: '0.0.5',
47 silly install resolved        osenv: '0.1.x',
47 silly install resolved        readdirp: '2.x',
47 silly install resolved        rimraf: '2.x',
47 silly install resolved        'serve-static': '1.x',
47 silly install resolved        ship: '0.2.x',
47 silly install resolved        sprout: '0.4.x',
47 silly install resolved        'update-notifier': '0.6.x',
47 silly install resolved        vinyl: '1.x',
47 silly install resolved        when: '3.x' },
47 silly install resolved     devDependencies:
47 silly install resolved      { chai: '3.x',
47 silly install resolved        'chai-as-promised': '5.x',
47 silly install resolved        'chai-fs': 'github:jenius/chai-fs',
47 silly install resolved        coffeelint: '1.x',
47 silly install resolved        coveralls: '2.x',
47 silly install resolved        glob: '5.x',
47 silly install resolved        istanbul: '0.3.x',
47 silly install resolved        mocha: '2.x',
47 silly install resolved        'mocha-lcov-reporter': '0.0.2',
47 silly install resolved        mockery: '1.x',
47 silly install resolved        'roots-util': '0.1.x',
47 silly install resolved        'selenium-webdriver': '2.x',
47 silly install resolved        sinon: '1.x',
47 silly install resolved        'sinon-chai': '2.x' },
47 silly install resolved     directories: { lib: 'lib', bin: 'bin' },
47 silly install resolved     engines: { node: '>=0.10.0' },
47 silly install resolved     homepage: 'http://roots.cx',
47 silly install resolved     keywords: [ 'roots', 'static' ],
47 silly install resolved     license: 'MIT',
47 silly install resolved     main: 'lib',
47 silly install resolved     repository: { type: 'git', url: 'git+https://github.com/jenius/roots.git' },
47 silly install resolved     scripts:
47 silly install resolved      { coverage: 'make build; istanbul cover _mocha --report html -- -R spec && open coverage/index.html && make unbuild',
47 silly install resolved        coveralls: 'make build; istanbul cover _mocha --report lcovonly -- -R spec && cat ./coverage/lcov.info | coveralls && rm -rf ./coverage; make unbuild',
47 silly install resolved        lint: 'coffeelint lib',
47 silly install resolved        postinstall: 'node ./post_install.js',
47 silly install resolved        test: 'npm run lint && mocha' },
47 silly install resolved     bin: { roots: 'bin/roots' },
47 silly install resolved     gitHead: 'e7fdd195fb2dbe6bd1a205bd7829119a779c9df4',
47 silly install resolved     _id: 'roots@4.0.1',
47 silly install resolved     _shasum: '26e23f9cc647c3ad9a9c5456c4dd2e64937b552b',
47 silly install resolved     _from: 'roots@*',
47 silly install resolved     _npmVersion: '3.7.1',
47 silly install resolved     _nodeVersion: '5.5.0',
47 silly install resolved     _npmUser: { name: 'jenius', email: 'hello@jenius.me' },
47 silly install resolved     maintainers: [ [Object] ],
47 silly install resolved     dist:
47 silly install resolved      { shasum: '26e23f9cc647c3ad9a9c5456c4dd2e64937b552b',
47 silly install resolved        tarball: 'http://registry.npmjs.org/roots/-/roots-4.0.1.tgz' },
47 silly install resolved     _npmOperationalInternal:
47 silly install resolved      { host: 'packages-5-east.internal.npmjs.com',
47 silly install resolved        tmp: 'tmp/roots-4.0.1.tgz_1455910403584_0.7050008834339678' },
47 silly install resolved     _resolved: 'https://registry.npmjs.org/roots/-/roots-4.0.1.tgz' } ]
48 info install roots@4.0.1 into /usr/lib
49 info installOne roots@4.0.1
50 verbose installOne of roots to /usr/lib not in flight; installing
51 verbose lock using /home/thaddeus/.npm/_locks/roots-c2b054d4518cd48f.lock for /usr/lib/node_modules/roots
52 silly install write writing roots 4.0.1 to /usr/lib/node_modules/roots
53 verbose unbuild lib/node_modules/roots
54 info preuninstall roots@3.1.0
55 info uninstall roots@3.1.0
56 verbose unbuild rmStuff roots@3.1.0 from /usr/lib/node_modules
57 silly gentlyRm /usr/bin/roots is being gently removed
58 silly gentlyRm verifying /usr is an npm working directory
59 silly gentlyRm containing path /usr is under npm's control, in /usr
60 silly gentlyRm deletion target /usr/bin/roots is under /usr
61 verbose gentlyRm vacuuming from /usr/bin/roots up to /usr
62 silly vacuum-fs removing /usr/bin/roots
63 verbose unlock done using /home/thaddeus/.npm/_locks/roots-c2b054d4518cd48f.lock for /usr/lib/node_modules/roots
64 verbose stack Error: EACCES, unlink '/usr/bin/roots'
64 verbose stack     at Error (native)
65 verbose cwd /home/thaddeus/Repo/thaddeusreid.www
66 error Linux 3.16.0-50-generic
67 error argv "/usr/bin/node" "/usr/bin/npm" "install" "-g" "roots"
68 error node v0.12.7
69 error npm  v2.11.3
70 error path /usr/bin/roots
71 error code EACCES
72 error errno -13
73 error Error: EACCES, unlink '/usr/bin/roots'
73 error     at Error (native)
73 error  { [Error: EACCES, unlink '/usr/bin/roots'] errno: -13, code: 'EACCES', path: '/usr/bin/roots' }
74 error Please try running this command again as root/Administrator.
75 verbose exit [ -13, true ]
76 verbose unbuild lib/node_modules/roots
77 info preuninstall roots@3.1.0
78 info uninstall roots@3.1.0
79 verbose unbuild rmStuff roots@3.1.0 from /usr/lib/node_modules
80 silly gentlyRm /usr/bin/roots is being gently removed
81 silly gentlyRm verifying /usr is an npm working directory
82 silly gentlyRm containing path /usr is under npm's control, in /usr
83 silly gentlyRm deletion target /usr/bin/roots is under /usr
84 verbose gentlyRm vacuuming from /usr/bin/roots up to /usr
85 silly vacuum-fs removing /usr/bin/roots
86 error error rolling back Error: EACCES, unlink '/usr/bin/roots'
86 error error rolling back     at Error (native)
86 error error rolling back  { [Error: EACCES, unlink '/usr/bin/roots'] errno: -13, code: 'EACCES', path: '/usr/bin/roots' }
